<?xml version="1.0" encoding="UTF-8"?>
<!-- Generated by org.testng.reporters.JUnitReportReporter -->
<testsuite hostname="TYSS-4F-048" name="pro.GetTest" tests="1" failures="0" timestamp="23 Apr 2018 09:43:57 GMT" time="2.201" errors="0">
  <testcase name="getTest" time="2.201" classname="pro.GetTest"/>
</testsuite> <!-- pro.GetTest -->
